{"/Users/ojima/Desktop/Open Source Projects/app/config/default.ts": {"path":"/Users/ojima/Desktop/Open Source Projects/app/config/default.ts","statementMap":{"0":{"start":{"line":1,"column":0},"end":{"line":45,"column":2}}},"fnMap":{},"branchMap":{},"s":{"0":1},"f":{},"b":{}}
,"/Users/ojima/Desktop/Open Source Projects/app/config/test.ts": {"path":"/Users/ojima/Desktop/Open Source Projects/app/config/test.ts","statementMap":{"0":{"start":{"line":1,"column":0},"end":{"line":45,"column":2}}},"fnMap":{},"branchMap":{},"s":{"0":1},"f":{},"b":{}}
,"/Users/ojima/Desktop/Open Source Projects/app/src/routes.ts": {"path":"/Users/ojima/Desktop/Open Source Projects/app/src/routes.ts","statementMap":{"0":{"start":{"line":2,"column":0},"end":{"line":2,"column":112}},"1":{"start":{"line":3,"column":0},"end":{"line":3,"column":64}},"2":{"start":{"line":4,"column":0},"end":{"line":4,"column":128}},"3":{"start":{"line":5,"column":0},"end":{"line":5,"column":50}},"4":{"start":{"line":6,"column":0},"end":{"line":6,"column":52}},"5":{"start":{"line":7,"column":0},"end":{"line":7,"column":101}},"6":{"start":{"line":8,"column":0},"end":{"line":8,"column":65}},"7":{"start":{"line":9,"column":0},"end":{"line":9,"column":55}},"8":{"start":{"line":12,"column":4},"end":{"line":12,"column":null}},"9":{"start":{"line":12,"column":61},"end":{"line":12,"column":80}},"10":{"start":{"line":14,"column":4},"end":{"line":14,"column":null}},"11":{"start":{"line":16,"column":4},"end":{"line":16,"column":null}},"12":{"start":{"line":18,"column":4},"end":{"line":18,"column":null}},"13":{"start":{"line":20,"column":4},"end":{"line":20,"column":null}},"14":{"start":{"line":22,"column":4},"end":{"line":22,"column":null}},"15":{"start":{"line":24,"column":4},"end":{"line":24,"column":null}},"16":{"start":{"line":26,"column":4},"end":{"line":26,"column":null}},"17":{"start":{"line":29,"column":0},"end":{"line":29,"column":null}}},"fnMap":{"0":{"name":"routes","decl":{"start":{"line":11,"column":9},"end":{"line":11,"column":15}},"loc":{"start":{"line":11,"column":29},"end":{"line":27,"column":1}}},"1":{"name":"(anonymous_2)","decl":{"start":{"line":12,"column":28},"end":{"line":12,"column":29}},"loc":{"start":{"line":12,"column":61},"end":{"line":12,"column":80}}}},"branchMap":{},"s":{"0":1,"1":1,"2":1,"3":1,"4":1,"5":1,"6":1,"7":1,"8":1,"9":0,"10":1,"11":1,"12":1,"13":1,"14":1,"15":1,"16":1,"17":1},"f":{"0":1,"1":0},"b":{}}
,"/Users/ojima/Desktop/Open Source Projects/app/src/controller/product.controller.ts": {"path":"/Users/ojima/Desktop/Open Source Projects/app/src/controller/product.controller.ts","statementMap":{"0":{"start":{"line":3,"column":0},"end":{"line":3,"column":86}},"1":{"start":{"line":6,"column":4},"end":{"line":14,"column":null}},"2":{"start":{"line":7,"column":21},"end":{"line":7,"column":29}},"3":{"start":{"line":8,"column":24},"end":{"line":8,"column":69}},"4":{"start":{"line":10,"column":8},"end":{"line":10,"column":null}},"5":{"start":{"line":13,"column":8},"end":{"line":13,"column":null}},"6":{"start":{"line":5,"column":0},"end":{"line":5,"column":22}},"7":{"start":{"line":18,"column":4},"end":{"line":29,"column":null}},"8":{"start":{"line":19,"column":26},"end":{"line":19,"column":46}},"9":{"start":{"line":20,"column":24},"end":{"line":20,"column":54}},"10":{"start":{"line":22,"column":8},"end":{"line":24,"column":null}},"11":{"start":{"line":23,"column":12},"end":{"line":23,"column":null}},"12":{"start":{"line":25,"column":8},"end":{"line":25,"column":null}},"13":{"start":{"line":28,"column":8},"end":{"line":28,"column":null}},"14":{"start":{"line":17,"column":0},"end":{"line":17,"column":22}},"15":{"start":{"line":33,"column":4},"end":{"line":48,"column":null}},"16":{"start":{"line":34,"column":26},"end":{"line":34,"column":46}},"17":{"start":{"line":35,"column":23},"end":{"line":35,"column":31}},"18":{"start":{"line":36,"column":24},"end":{"line":36,"column":72}},"19":{"start":{"line":38,"column":8},"end":{"line":40,"column":null}},"20":{"start":{"line":39,"column":12},"end":{"line":39,"column":null}},"21":{"start":{"line":42,"column":31},"end":{"line":42,"column":84}},"22":{"start":{"line":44,"column":8},"end":{"line":44,"column":null}},"23":{"start":{"line":47,"column":8},"end":{"line":47,"column":null}},"24":{"start":{"line":32,"column":0},"end":{"line":32,"column":22}}},"fnMap":{"0":{"name":"createProductHandler","decl":{"start":{"line":5,"column":22},"end":{"line":5,"column":42}},"loc":{"start":{"line":5,"column":106},"end":{"line":15,"column":null}}},"1":{"name":"findProductHandler","decl":{"start":{"line":17,"column":22},"end":{"line":17,"column":40}},"loc":{"start":{"line":17,"column":96},"end":{"line":30,"column":null}}},"2":{"name":"updateProductHandler","decl":{"start":{"line":32,"column":22},"end":{"line":32,"column":42}},"loc":{"start":{"line":32,"column":100},"end":{"line":49,"column":null}}}},"branchMap":{"0":{"loc":{"start":{"line":22,"column":8},"end":{"line":24,"column":null}},"type":"if","locations":[{"start":{"line":22,"column":8},"end":{"line":24,"column":null}}]},"1":{"loc":{"start":{"line":38,"column":8},"end":{"line":40,"column":null}},"type":"if","locations":[{"start":{"line":38,"column":8},"end":{"line":40,"column":null}}]}},"s":{"0":1,"1":2,"2":2,"3":2,"4":2,"5":0,"6":1,"7":2,"8":2,"9":2,"10":2,"11":1,"12":1,"13":0,"14":1,"15":1,"16":1,"17":1,"18":1,"19":1,"20":0,"21":1,"22":1,"23":0,"24":1},"f":{"0":2,"1":2,"2":1},"b":{"0":[1],"1":[0]}}
,"/Users/ojima/Desktop/Open Source Projects/app/src/controller/user.controller.ts": {"path":"/Users/ojima/Desktop/Open Source Projects/app/src/controller/user.controller.ts","statementMap":{"0":{"start":{"line":3,"column":0},"end":{"line":3,"column":52}},"1":{"start":{"line":4,"column":0},"end":{"line":4,"column":36}},"2":{"start":{"line":10,"column":4},"end":{"line":17,"column":null}},"3":{"start":{"line":11,"column":21},"end":{"line":11,"column":47}},"4":{"start":{"line":12,"column":8},"end":{"line":12,"column":null}},"5":{"start":{"line":15,"column":8},"end":{"line":15,"column":null}},"6":{"start":{"line":16,"column":8},"end":{"line":16,"column":null}},"7":{"start":{"line":6,"column":0},"end":{"line":6,"column":22}}},"fnMap":{"0":{"name":"createUserHandler","decl":{"start":{"line":6,"column":22},"end":{"line":6,"column":39}},"loc":{"start":{"line":8,"column":17},"end":{"line":18,"column":null}}}},"branchMap":{},"s":{"0":1,"1":1,"2":0,"3":0,"4":0,"5":0,"6":0,"7":1},"f":{"0":0},"b":{}}
,"/Users/ojima/Desktop/Open Source Projects/app/src/controller/usersession.controller.ts": {"path":"/Users/ojima/Desktop/Open Source Projects/app/src/controller/usersession.controller.ts","statementMap":{"0":{"start":{"line":2,"column":0},"end":{"line":2,"column":27}},"1":{"start":{"line":3,"column":0},"end":{"line":3,"column":58}},"2":{"start":{"line":4,"column":0},"end":{"line":4,"column":103}},"3":{"start":{"line":5,"column":0},"end":{"line":5,"column":44}},"4":{"start":{"line":8,"column":17},"end":{"line":8,"column":49}},"5":{"start":{"line":10,"column":4},"end":{"line":12,"column":null}},"6":{"start":{"line":11,"column":8},"end":{"line":11,"column":null}},"7":{"start":{"line":14,"column":20},"end":{"line":14,"column":53}},"8":{"start":{"line":16,"column":24},"end":{"line":18,"column":null}},"9":{"start":{"line":21,"column":25},"end":{"line":23,"column":null}},"10":{"start":{"line":26,"column":4},"end":{"line":26,"column":null}},"11":{"start":{"line":7,"column":0},"end":{"line":7,"column":22}},"12":{"start":{"line":30,"column":19},"end":{"line":30,"column":38}},"13":{"start":{"line":31,"column":21},"end":{"line":31,"column":72}},"14":{"start":{"line":32,"column":4},"end":{"line":32,"column":null}},"15":{"start":{"line":29,"column":0},"end":{"line":29,"column":22}},"16":{"start":{"line":36,"column":26},"end":{"line":36,"column":49}},"17":{"start":{"line":38,"column":4},"end":{"line":38,"column":null}},"18":{"start":{"line":39,"column":4},"end":{"line":42,"column":null}},"19":{"start":{"line":35,"column":0},"end":{"line":35,"column":22}}},"fnMap":{"0":{"name":"createUserSessionHandler","decl":{"start":{"line":7,"column":22},"end":{"line":7,"column":46}},"loc":{"start":{"line":7,"column":74},"end":{"line":27,"column":null}}},"1":{"name":"getUserSessionsHandler","decl":{"start":{"line":29,"column":22},"end":{"line":29,"column":44}},"loc":{"start":{"line":29,"column":72},"end":{"line":33,"column":null}}},"2":{"name":"deleteUserSessionHandler","decl":{"start":{"line":35,"column":22},"end":{"line":35,"column":46}},"loc":{"start":{"line":35,"column":74},"end":{"line":43,"column":null}}}},"branchMap":{"0":{"loc":{"start":{"line":10,"column":4},"end":{"line":12,"column":null}},"type":"if","locations":[{"start":{"line":10,"column":4},"end":{"line":12,"column":null}}]}},"s":{"0":1,"1":1,"2":1,"3":1,"4":0,"5":0,"6":0,"7":0,"8":0,"9":0,"10":0,"11":1,"12":0,"13":0,"14":0,"15":1,"16":0,"17":0,"18":0,"19":1},"f":{"0":0,"1":0,"2":0},"b":{"0":[0]}}
,"/Users/ojima/Desktop/Open Source Projects/app/src/middleware/deserializeuser.ts": {"path":"/Users/ojima/Desktop/Open Source Projects/app/src/middleware/deserializeuser.ts","statementMap":{"0":{"start":{"line":2,"column":0},"end":{"line":2,"column":28}},"1":{"start":{"line":3,"column":0},"end":{"line":3,"column":67}},"2":{"start":{"line":4,"column":0},"end":{"line":4,"column":46}},"3":{"start":{"line":6,"column":24},"end":{"line":35,"column":null}},"4":{"start":{"line":6,"column":82},"end":{"line":35,"column":null}},"5":{"start":{"line":7,"column":24},"end":{"line":7,"column":86}},"6":{"start":{"line":8,"column":25},"end":{"line":8,"column":54}},"7":{"start":{"line":10,"column":4},"end":{"line":12,"column":null}},"8":{"start":{"line":11,"column":8},"end":{"line":11,"column":null}},"9":{"start":{"line":14,"column":33},"end":{"line":14,"column":55}},"10":{"start":{"line":16,"column":4},"end":{"line":19,"column":null}},"11":{"start":{"line":17,"column":8},"end":{"line":17,"column":null}},"12":{"start":{"line":18,"column":8},"end":{"line":18,"column":null}},"13":{"start":{"line":21,"column":4},"end":{"line":32,"column":null}},"14":{"start":{"line":22,"column":31},"end":{"line":22,"column":79}},"15":{"start":{"line":23,"column":8},"end":{"line":25,"column":null}},"16":{"start":{"line":24,"column":12},"end":{"line":24,"column":null}},"17":{"start":{"line":27,"column":23},"end":{"line":27,"column":48}},"18":{"start":{"line":29,"column":8},"end":{"line":29,"column":null}},"19":{"start":{"line":31,"column":8},"end":{"line":31,"column":null}},"20":{"start":{"line":34,"column":4},"end":{"line":34,"column":null}},"21":{"start":{"line":37,"column":0},"end":{"line":37,"column":null}}},"fnMap":{"0":{"name":"(anonymous_7)","decl":{"start":{"line":6,"column":24},"end":{"line":6,"column":31}},"loc":{"start":{"line":6,"column":82},"end":{"line":35,"column":null}}},"1":{"name":"(anonymous_8)","decl":{"start":{"line":6,"column":82},"end":{"line":6,"column":null}},"loc":{"start":{"line":6,"column":82},"end":{"line":35,"column":1}}}},"branchMap":{"0":{"loc":{"start":{"line":10,"column":4},"end":{"line":12,"column":null}},"type":"if","locations":[{"start":{"line":10,"column":4},"end":{"line":12,"column":null}}]},"1":{"loc":{"start":{"line":16,"column":4},"end":{"line":19,"column":null}},"type":"if","locations":[{"start":{"line":16,"column":4},"end":{"line":19,"column":null}}]},"2":{"loc":{"start":{"line":21,"column":4},"end":{"line":32,"column":null}},"type":"if","locations":[{"start":{"line":21,"column":4},"end":{"line":32,"column":null}}]},"3":{"loc":{"start":{"line":21,"column":7},"end":{"line":21,"column":30}},"type":"binary-expr","locations":[{"start":{"line":21,"column":7},"end":{"line":21,"column":14}},{"start":{"line":21,"column":18},"end":{"line":21,"column":30}}]},"4":{"loc":{"start":{"line":22,"column":31},"end":{"line":22,"column":79}},"type":"binary-expr","locations":[{"start":{"line":22,"column":31},"end":{"line":22,"column":73}},{"start":{"line":22,"column":77},"end":{"line":22,"column":79}}]},"5":{"loc":{"start":{"line":23,"column":8},"end":{"line":25,"column":null}},"type":"if","locations":[{"start":{"line":23,"column":8},"end":{"line":25,"column":null}}]}},"s":{"0":1,"1":1,"2":1,"3":1,"4":6,"5":6,"6":6,"7":6,"8":3,"9":3,"10":3,"11":3,"12":3,"13":0,"14":0,"15":0,"16":0,"17":0,"18":0,"19":0,"20":0,"21":1},"f":{"0":6,"1":6},"b":{"0":[3],"1":[3],"2":[0],"3":[0,0],"4":[0,0],"5":[0]}}
,"/Users/ojima/Desktop/Open Source Projects/app/src/middleware/requireuser.ts": {"path":"/Users/ojima/Desktop/Open Source Projects/app/src/middleware/requireuser.ts","statementMap":{"0":{"start":{"line":3,"column":20},"end":{"line":10,"column":1}},"1":{"start":{"line":4,"column":17},"end":{"line":4,"column":32}},"2":{"start":{"line":5,"column":4},"end":{"line":7,"column":null}},"3":{"start":{"line":6,"column":8},"end":{"line":6,"column":null}},"4":{"start":{"line":9,"column":4},"end":{"line":9,"column":null}},"5":{"start":{"line":12,"column":0},"end":{"line":12,"column":null}}},"fnMap":{"0":{"name":"(anonymous_0)","decl":{"start":{"line":3,"column":20},"end":{"line":3,"column":21}},"loc":{"start":{"line":3,"column":72},"end":{"line":10,"column":1}}}},"branchMap":{"0":{"loc":{"start":{"line":5,"column":4},"end":{"line":7,"column":null}},"type":"if","locations":[{"start":{"line":5,"column":4},"end":{"line":7,"column":null}}]}},"s":{"0":1,"1":4,"2":4,"3":1,"4":3,"5":1},"f":{"0":4},"b":{"0":[1]}}
,"/Users/ojima/Desktop/Open Source Projects/app/src/middleware/validateresource.ts": {"path":"/Users/ojima/Desktop/Open Source Projects/app/src/middleware/validateresource.ts","statementMap":{"0":{"start":{"line":4,"column":17},"end":{"line":16,"column":1}},"1":{"start":{"line":4,"column":43},"end":{"line":16,"column":1}},"2":{"start":{"line":5,"column":4},"end":{"line":15,"column":null}},"3":{"start":{"line":6,"column":8},"end":{"line":10,"column":null}},"4":{"start":{"line":11,"column":8},"end":{"line":11,"column":null}},"5":{"start":{"line":14,"column":8},"end":{"line":14,"column":null}},"6":{"start":{"line":18,"column":0},"end":{"line":18,"column":null}}},"fnMap":{"0":{"name":"(anonymous_0)","decl":{"start":{"line":4,"column":17},"end":{"line":4,"column":18}},"loc":{"start":{"line":4,"column":43},"end":{"line":16,"column":1}}},"1":{"name":"(anonymous_1)","decl":{"start":{"line":4,"column":43},"end":{"line":4,"column":44}},"loc":{"start":{"line":4,"column":95},"end":{"line":16,"column":1}}}},"branchMap":{},"s":{"0":1,"1":5,"2":5,"3":5,"4":5,"5":0,"6":1},"f":{"0":5,"1":5},"b":{}}
,"/Users/ojima/Desktop/Open Source Projects/app/src/models/product.model.ts": {"path":"/Users/ojima/Desktop/Open Source Projects/app/src/models/product.model.ts","statementMap":{"0":{"start":{"line":1,"column":0},"end":{"line":1,"column":31}},"1":{"start":{"line":2,"column":0},"end":{"line":2,"column":31}},"2":{"start":{"line":14,"column":22},"end":{"line":43,"column":2}},"3":{"start":{"line":19,"column":23},"end":{"line":19,"column":44}},"4":{"start":{"line":45,"column":21},"end":{"line":45,"column":78}},"5":{"start":{"line":47,"column":0},"end":{"line":47,"column":null}}},"fnMap":{"0":{"name":"(anonymous_1)","decl":{"start":{"line":19,"column":17},"end":{"line":19,"column":20}},"loc":{"start":{"line":19,"column":23},"end":{"line":19,"column":44}}}},"branchMap":{},"s":{"0":1,"1":1,"2":1,"3":3,"4":1,"5":1},"f":{"0":3},"b":{}}
,"/Users/ojima/Desktop/Open Source Projects/app/src/models/session.model.ts": {"path":"/Users/ojima/Desktop/Open Source Projects/app/src/models/session.model.ts","statementMap":{"0":{"start":{"line":1,"column":0},"end":{"line":1,"column":31}},"1":{"start":{"line":11,"column":26},"end":{"line":22,"column":2}},"2":{"start":{"line":25,"column":25},"end":{"line":25,"column":94}},"3":{"start":{"line":27,"column":0},"end":{"line":27,"column":null}}},"fnMap":{},"branchMap":{},"s":{"0":1,"1":1,"2":1,"3":1},"f":{},"b":{}}
,"/Users/ojima/Desktop/Open Source Projects/app/src/models/user.model.ts": {"path":"/Users/ojima/Desktop/Open Source Projects/app/src/models/user.model.ts","statementMap":{"0":{"start":{"line":1,"column":0},"end":{"line":1,"column":31}},"1":{"start":{"line":2,"column":0},"end":{"line":2,"column":27}},"2":{"start":{"line":3,"column":0},"end":{"line":3,"column":27}},"3":{"start":{"line":17,"column":19},"end":{"line":45,"column":2}},"4":{"start":{"line":47,"column":0},"end":{"line":60,"column":null}},"5":{"start":{"line":48,"column":17},"end":{"line":48,"column":37}},"6":{"start":{"line":50,"column":4},"end":{"line":52,"column":null}},"7":{"start":{"line":51,"column":8},"end":{"line":51,"column":null}},"8":{"start":{"line":54,"column":17},"end":{"line":54,"column":75}},"9":{"start":{"line":55,"column":17},"end":{"line":55,"column":53}},"10":{"start":{"line":57,"column":4},"end":{"line":57,"column":null}},"11":{"start":{"line":59,"column":4},"end":{"line":59,"column":null}},"12":{"start":{"line":62,"column":0},"end":{"line":71,"column":null}},"13":{"start":{"line":65,"column":17},"end":{"line":65,"column":37}},"14":{"start":{"line":67,"column":4},"end":{"line":70,"column":null}},"15":{"start":{"line":69,"column":8},"end":{"line":69,"column":13}},"16":{"start":{"line":73,"column":18},"end":{"line":73,"column":66}},"17":{"start":{"line":75,"column":0},"end":{"line":75,"column":null}}},"fnMap":{"0":{"name":"(anonymous_8)","decl":{"start":{"line":47,"column":23},"end":{"line":47,"column":38}},"loc":{"start":{"line":47,"column":42},"end":{"line":60,"column":2}}},"1":{"name":"(anonymous_10)","decl":{"start":{"line":62,"column":37},"end":{"line":62,"column":null}},"loc":{"start":{"line":63,"column":24},"end":{"line":71,"column":null}}},"2":{"name":"(anonymous_12)","decl":{"start":{"line":68,"column":11},"end":{"line":68,"column":12}},"loc":{"start":{"line":69,"column":8},"end":{"line":69,"column":13}}}},"branchMap":{"0":{"loc":{"start":{"line":50,"column":4},"end":{"line":52,"column":null}},"type":"if","locations":[{"start":{"line":50,"column":4},"end":{"line":52,"column":null}}]}},"s":{"0":1,"1":1,"2":1,"3":1,"4":1,"5":0,"6":0,"7":0,"8":0,"9":0,"10":0,"11":0,"12":1,"13":0,"14":0,"15":0,"16":1,"17":1},"f":{"0":0,"1":0,"2":0},"b":{"0":[0]}}
,"/Users/ojima/Desktop/Open Source Projects/app/src/schema/product.schema.ts": {"path":"/Users/ojima/Desktop/Open Source Projects/app/src/schema/product.schema.ts","statementMap":{"0":{"start":{"line":1,"column":0},"end":{"line":1,"column":59}},"1":{"start":{"line":3,"column":16},"end":{"line":20,"column":null}},"2":{"start":{"line":22,"column":15},"end":{"line":28,"column":null}},"3":{"start":{"line":30,"column":13},"end":{"line":32,"column":null}},"4":{"start":{"line":34,"column":13},"end":{"line":36,"column":null}},"5":{"start":{"line":38,"column":13},"end":{"line":40,"column":null}}},"fnMap":{},"branchMap":{},"s":{"0":1,"1":1,"2":1,"3":1,"4":1,"5":1},"f":{},"b":{}}
,"/Users/ojima/Desktop/Open Source Projects/app/src/schema/session.schema.ts": {"path":"/Users/ojima/Desktop/Open Source Projects/app/src/schema/session.schema.ts","statementMap":{"0":{"start":{"line":1,"column":0},"end":{"line":1,"column":36}},"1":{"start":{"line":3,"column":13},"end":{"line":12,"column":null}}},"fnMap":{},"branchMap":{},"s":{"0":1,"1":1},"f":{},"b":{}}
,"/Users/ojima/Desktop/Open Source Projects/app/src/schema/user.schema.ts": {"path":"/Users/ojima/Desktop/Open Source Projects/app/src/schema/user.schema.ts","statementMap":{"0":{"start":{"line":1,"column":0},"end":{"line":1,"column":44}},"1":{"start":{"line":3,"column":13},"end":{"line":25,"column":null}}},"fnMap":{},"branchMap":{},"s":{"0":1,"1":1},"f":{},"b":{}}
,"/Users/ojima/Desktop/Open Source Projects/app/src/service/product.service.ts": {"path":"/Users/ojima/Desktop/Open Source Projects/app/src/service/product.service.ts","statementMap":{"0":{"start":{"line":2,"column":0},"end":{"line":2,"column":71}},"1":{"start":{"line":5,"column":4},"end":{"line":10,"column":null}},"2":{"start":{"line":6,"column":8},"end":{"line":6,"column":null}},"3":{"start":{"line":9,"column":8},"end":{"line":9,"column":null}},"4":{"start":{"line":4,"column":0},"end":{"line":4,"column":22}},"5":{"start":{"line":14,"column":4},"end":{"line":14,"column":null}},"6":{"start":{"line":13,"column":0},"end":{"line":13,"column":22}},"7":{"start":{"line":20,"column":4},"end":{"line":25,"column":null}},"8":{"start":{"line":21,"column":8},"end":{"line":21,"column":null}},"9":{"start":{"line":24,"column":8},"end":{"line":24,"column":null}},"10":{"start":{"line":17,"column":0},"end":{"line":17,"column":22}}},"fnMap":{"0":{"name":"createProduct","decl":{"start":{"line":4,"column":22},"end":{"line":4,"column":35}},"loc":{"start":{"line":4,"column":111},"end":{"line":11,"column":null}}},"1":{"name":"findProduct","decl":{"start":{"line":13,"column":22},"end":{"line":13,"column":33}},"loc":{"start":{"line":13,"column":69},"end":{"line":15,"column":null}}},"2":{"name":"updateProduct","decl":{"start":{"line":17,"column":22},"end":{"line":17,"column":35}},"loc":{"start":{"line":18,"column":100},"end":{"line":26,"column":null}}}},"branchMap":{},"s":{"0":1,"1":3,"2":3,"3":0,"4":1,"5":3,"6":1,"7":1,"8":1,"9":0,"10":1},"f":{"0":3,"1":3,"2":1},"b":{}}
,"/Users/ojima/Desktop/Open Source Projects/app/src/service/user.service.ts": {"path":"/Users/ojima/Desktop/Open Source Projects/app/src/service/user.service.ts","statementMap":{"0":{"start":{"line":1,"column":0},"end":{"line":1,"column":29}},"1":{"start":{"line":3,"column":0},"end":{"line":3,"column":62}},"2":{"start":{"line":10,"column":4},"end":{"line":17,"column":null}},"3":{"start":{"line":11,"column":21},"end":{"line":11,"column":50}},"4":{"start":{"line":13,"column":8},"end":{"line":13,"column":null}},"5":{"start":{"line":16,"column":8},"end":{"line":16,"column":null}},"6":{"start":{"line":5,"column":0},"end":{"line":5,"column":22}},"7":{"start":{"line":21,"column":17},"end":{"line":21,"column":63}},"8":{"start":{"line":23,"column":4},"end":{"line":25,"column":null}},"9":{"start":{"line":24,"column":8},"end":{"line":24,"column":null}},"10":{"start":{"line":27,"column":20},"end":{"line":27,"column":56}},"11":{"start":{"line":29,"column":4},"end":{"line":31,"column":null}},"12":{"start":{"line":30,"column":8},"end":{"line":30,"column":null}},"13":{"start":{"line":33,"column":4},"end":{"line":33,"column":null}},"14":{"start":{"line":20,"column":0},"end":{"line":20,"column":22}},"15":{"start":{"line":37,"column":4},"end":{"line":37,"column":null}},"16":{"start":{"line":36,"column":0},"end":{"line":36,"column":22}}},"fnMap":{"0":{"name":"createUser","decl":{"start":{"line":5,"column":22},"end":{"line":5,"column":32}},"loc":{"start":{"line":8,"column":5},"end":{"line":18,"column":null}}},"1":{"name":"validatePassword","decl":{"start":{"line":20,"column":22},"end":{"line":20,"column":38}},"loc":{"start":{"line":20,"column":91},"end":{"line":34,"column":null}}},"2":{"name":"findUser","decl":{"start":{"line":36,"column":22},"end":{"line":36,"column":30}},"loc":{"start":{"line":36,"column":63},"end":{"line":38,"column":null}}}},"branchMap":{"0":{"loc":{"start":{"line":23,"column":4},"end":{"line":25,"column":null}},"type":"if","locations":[{"start":{"line":23,"column":4},"end":{"line":25,"column":null}}]},"1":{"loc":{"start":{"line":29,"column":4},"end":{"line":31,"column":null}},"type":"if","locations":[{"start":{"line":29,"column":4},"end":{"line":31,"column":null}}]}},"s":{"0":1,"1":1,"2":0,"3":0,"4":0,"5":0,"6":1,"7":0,"8":0,"9":0,"10":0,"11":0,"12":0,"13":0,"14":1,"15":0,"16":1},"f":{"0":0,"1":0,"2":0},"b":{"0":[0],"1":[0]}}
,"/Users/ojima/Desktop/Open Source Projects/app/src/service/usersession.service.ts": {"path":"/Users/ojima/Desktop/Open Source Projects/app/src/service/usersession.service.ts","statementMap":{"0":{"start":{"line":1,"column":0},"end":{"line":1,"column":28}},"1":{"start":{"line":2,"column":0},"end":{"line":2,"column":27}},"2":{"start":{"line":4,"column":0},"end":{"line":4,"column":79}},"3":{"start":{"line":5,"column":0},"end":{"line":5,"column":55}},"4":{"start":{"line":6,"column":0},"end":{"line":6,"column":41}},"5":{"start":{"line":9,"column":24},"end":{"line":9,"column":69}},"6":{"start":{"line":11,"column":4},"end":{"line":11,"column":null}},"7":{"start":{"line":8,"column":0},"end":{"line":8,"column":22}},"8":{"start":{"line":15,"column":4},"end":{"line":15,"column":null}},"9":{"start":{"line":14,"column":0},"end":{"line":14,"column":22}},"10":{"start":{"line":19,"column":4},"end":{"line":19,"column":null}},"11":{"start":{"line":18,"column":0},"end":{"line":18,"column":22}},"12":{"start":{"line":23,"column":22},"end":{"line":23,"column":45}},"13":{"start":{"line":25,"column":4},"end":{"line":27,"column":null}},"14":{"start":{"line":26,"column":8},"end":{"line":26,"column":null}},"15":{"start":{"line":29,"column":24},"end":{"line":29,"column":80}},"16":{"start":{"line":30,"column":4},"end":{"line":30,"column":null}},"17":{"start":{"line":30,"column":43},"end":{"line":30,"column":null}},"18":{"start":{"line":32,"column":17},"end":{"line":32,"column":58}},"19":{"start":{"line":33,"column":4},"end":{"line":35,"column":null}},"20":{"start":{"line":34,"column":8},"end":{"line":34,"column":null}},"21":{"start":{"line":37,"column":24},"end":{"line":39,"column":null}},"22":{"start":{"line":42,"column":4},"end":{"line":42,"column":null}},"23":{"start":{"line":22,"column":0},"end":{"line":22,"column":22}}},"fnMap":{"0":{"name":"createUserSession","decl":{"start":{"line":8,"column":22},"end":{"line":8,"column":39}},"loc":{"start":{"line":8,"column":51},"end":{"line":12,"column":null}}},"1":{"name":"findUserSessions","decl":{"start":{"line":14,"column":22},"end":{"line":14,"column":38}},"loc":{"start":{"line":14,"column":78},"end":{"line":16,"column":null}}},"2":{"name":"updateUserSession","decl":{"start":{"line":18,"column":22},"end":{"line":18,"column":39}},"loc":{"start":{"line":18,"column":121},"end":{"line":20,"column":null}}},"3":{"name":"reIssueAccessToken","decl":{"start":{"line":22,"column":22},"end":{"line":22,"column":40}},"loc":{"start":{"line":22,"column":77},"end":{"line":43,"column":null}}}},"branchMap":{"0":{"loc":{"start":{"line":25,"column":4},"end":{"line":27,"column":null}},"type":"if","locations":[{"start":{"line":25,"column":4},"end":{"line":27,"column":null}}]},"1":{"loc":{"start":{"line":25,"column":7},"end":{"line":25,"column":43}},"type":"binary-expr","locations":[{"start":{"line":25,"column":7},"end":{"line":25,"column":15}},{"start":{"line":25,"column":19},"end":{"line":25,"column":43}}]},"2":{"loc":{"start":{"line":30,"column":4},"end":{"line":30,"column":null}},"type":"if","locations":[{"start":{"line":30,"column":4},"end":{"line":30,"column":null}}]},"3":{"loc":{"start":{"line":30,"column":7},"end":{"line":30,"column":41}},"type":"binary-expr","locations":[{"start":{"line":30,"column":7},"end":{"line":30,"column":19}},{"start":{"line":30,"column":23},"end":{"line":30,"column":41}}]},"4":{"loc":{"start":{"line":33,"column":4},"end":{"line":35,"column":null}},"type":"if","locations":[{"start":{"line":33,"column":4},"end":{"line":35,"column":null}}]}},"s":{"0":1,"1":1,"2":1,"3":1,"4":1,"5":0,"6":0,"7":1,"8":0,"9":1,"10":0,"11":1,"12":0,"13":0,"14":0,"15":0,"16":0,"17":0,"18":0,"19":0,"20":0,"21":0,"22":0,"23":1},"f":{"0":0,"1":0,"2":0,"3":0},"b":{"0":[0],"1":[0,0],"2":[0],"3":[0,0],"4":[0]}}
,"/Users/ojima/Desktop/Open Source Projects/app/src/utils/jwt.utils.ts": {"path":"/Users/ojima/Desktop/Open Source Projects/app/src/utils/jwt.utils.ts","statementMap":{"0":{"start":{"line":1,"column":0},"end":{"line":1,"column":30}},"1":{"start":{"line":2,"column":0},"end":{"line":2,"column":27}},"2":{"start":{"line":4,"column":19},"end":{"line":4,"column":51}},"3":{"start":{"line":5,"column":18},"end":{"line":5,"column":49}},"4":{"start":{"line":8,"column":4},"end":{"line":11,"column":null}},"5":{"start":{"line":7,"column":0},"end":{"line":7,"column":16}},"6":{"start":{"line":15,"column":4},"end":{"line":29,"column":null}},"7":{"start":{"line":16,"column":24},"end":{"line":16,"column":52}},"8":{"start":{"line":17,"column":8},"end":{"line":21,"column":null}},"9":{"start":{"line":24,"column":8},"end":{"line":28,"column":null}},"10":{"start":{"line":14,"column":0},"end":{"line":14,"column":16}}},"fnMap":{"0":{"name":"signJWT","decl":{"start":{"line":7,"column":16},"end":{"line":7,"column":23}},"loc":{"start":{"line":7,"column":77},"end":{"line":12,"column":1}}},"1":{"name":"verifyJWT","decl":{"start":{"line":14,"column":16},"end":{"line":14,"column":25}},"loc":{"start":{"line":14,"column":39},"end":{"line":30,"column":1}}}},"branchMap":{"0":{"loc":{"start":{"line":9,"column":12},"end":{"line":9,"column":30}},"type":"binary-expr","locations":[{"start":{"line":9,"column":12},"end":{"line":9,"column":19}},{"start":{"line":9,"column":23},"end":{"line":9,"column":30}}]}},"s":{"0":1,"1":1,"2":1,"3":1,"4":2,"5":1,"6":3,"7":3,"8":3,"9":0,"10":1},"f":{"0":2,"1":3},"b":{"0":[2,0]}}
,"/Users/ojima/Desktop/Open Source Projects/app/src/utils/logger.ts": {"path":"/Users/ojima/Desktop/Open Source Projects/app/src/utils/logger.ts","statementMap":{"0":{"start":{"line":1,"column":0},"end":{"line":1,"column":23}},"1":{"start":{"line":2,"column":0},"end":{"line":2,"column":25}},"2":{"start":{"line":4,"column":12},"end":{"line":15,"column":2}},"3":{"start":{"line":14,"column":22},"end":{"line":14,"column":52}},"4":{"start":{"line":17,"column":0},"end":{"line":17,"column":null}}},"fnMap":{"0":{"name":"(anonymous_1)","decl":{"start":{"line":14,"column":15},"end":{"line":14,"column":18}},"loc":{"start":{"line":14,"column":22},"end":{"line":14,"column":52}}}},"branchMap":{},"s":{"0":1,"1":1,"2":1,"3":1,"4":1},"f":{"0":1},"b":{}}
,"/Users/ojima/Desktop/Open Source Projects/app/src/utils/server.ts": {"path":"/Users/ojima/Desktop/Open Source Projects/app/src/utils/server.ts","statementMap":{"0":{"start":{"line":1,"column":0},"end":{"line":1,"column":29}},"1":{"start":{"line":2,"column":0},"end":{"line":2,"column":59}},"2":{"start":{"line":3,"column":0},"end":{"line":3,"column":30}},"3":{"start":{"line":5,"column":22},"end":{"line":5,"column":55}},"4":{"start":{"line":6,"column":16},"end":{"line":6,"column":45}},"5":{"start":{"line":9,"column":16},"end":{"line":9,"column":25}},"6":{"start":{"line":10,"column":20},"end":{"line":13,"column":6}},"7":{"start":{"line":15,"column":4},"end":{"line":15,"column":null}},"8":{"start":{"line":17,"column":4},"end":{"line":17,"column":null}},"9":{"start":{"line":19,"column":4},"end":{"line":19,"column":null}},"10":{"start":{"line":21,"column":4},"end":{"line":21,"column":null}},"11":{"start":{"line":23,"column":4},"end":{"line":27,"column":6}},"12":{"start":{"line":29,"column":4},"end":{"line":29,"column":null}},"13":{"start":{"line":31,"column":4},"end":{"line":31,"column":null}},"14":{"start":{"line":34,"column":0},"end":{"line":34,"column":null}}},"fnMap":{"0":{"name":"createServer","decl":{"start":{"line":8,"column":9},"end":{"line":8,"column":21}},"loc":{"start":{"line":8,"column":21},"end":{"line":32,"column":1}}}},"branchMap":{},"s":{"0":1,"1":1,"2":1,"3":1,"4":1,"5":1,"6":1,"7":1,"8":1,"9":1,"10":1,"11":1,"12":1,"13":1,"14":1},"f":{"0":1},"b":{}}
}
