TN:
SF:config/default.ts
FNF:0
FNH:0
DA:1,1
LF:1
LH:1
BRF:0
BRH:0
end_of_record
TN:
SF:config/test.ts
FNF:0
FNH:0
DA:1,1
LF:1
LH:1
BRF:0
BRH:0
end_of_record
TN:
SF:src/routes.ts
FN:11,routes
FN:12,(anonymous_2)
FNF:2
FNH:1
FNDA:1,routes
FNDA:0,(anonymous_2)
DA:2,1
DA:3,1
DA:4,1
DA:5,1
DA:6,1
DA:7,1
DA:8,1
DA:9,1
DA:12,1
DA:14,1
DA:16,1
DA:18,1
DA:20,1
DA:22,1
DA:24,1
DA:26,1
DA:29,1
LF:17
LH:17
BRF:0
BRH:0
end_of_record
TN:
SF:src/controller/product.controller.ts
FN:5,createProductHandler
FN:17,findProductHandler
FN:32,updateProductHandler
FNF:3
FNH:3
FNDA:2,createProductHandler
FNDA:2,findProductHandler
FNDA:1,updateProductHandler
DA:3,1
DA:5,1
DA:6,2
DA:7,2
DA:8,2
DA:10,2
DA:13,0
DA:17,1
DA:18,2
DA:19,2
DA:20,2
DA:22,2
DA:23,1
DA:25,1
DA:28,0
DA:32,1
DA:33,1
DA:34,1
DA:35,1
DA:36,1
DA:38,1
DA:39,0
DA:42,1
DA:44,1
DA:47,0
LF:25
LH:21
BRDA:22,0,0,1
BRDA:38,1,0,0
BRF:2
BRH:1
end_of_record
TN:
SF:src/controller/user.controller.ts
FN:6,createUserHandler
FNF:1
FNH:0
FNDA:0,createUserHandler
DA:3,1
DA:4,1
DA:6,1
DA:10,0
DA:11,0
DA:12,0
DA:15,0
DA:16,0
LF:8
LH:3
BRF:0
BRH:0
end_of_record
TN:
SF:src/controller/usersession.controller.ts
FN:7,createUserSessionHandler
FN:29,getUserSessionsHandler
FN:35,deleteUserSessionHandler
FNF:3
FNH:0
FNDA:0,createUserSessionHandler
FNDA:0,getUserSessionsHandler
FNDA:0,deleteUserSessionHandler
DA:2,1
DA:3,1
DA:4,1
DA:5,1
DA:7,1
DA:8,0
DA:10,0
DA:11,0
DA:14,0
DA:16,0
DA:21,0
DA:26,0
DA:29,1
DA:30,0
DA:31,0
DA:32,0
DA:35,1
DA:36,0
DA:38,0
DA:39,0
LF:20
LH:7
BRDA:10,0,0,0
BRF:1
BRH:0
end_of_record
TN:
SF:src/middleware/deserializeuser.ts
FN:6,(anonymous_7)
FN:6,(anonymous_8)
FNF:2
FNH:2
FNDA:6,(anonymous_7)
FNDA:6,(anonymous_8)
DA:2,1
DA:3,1
DA:4,1
DA:6,6
DA:7,6
DA:8,6
DA:10,6
DA:11,3
DA:14,3
DA:16,3
DA:17,3
DA:18,3
DA:21,0
DA:22,0
DA:23,0
DA:24,0
DA:27,0
DA:29,0
DA:31,0
DA:34,0
DA:37,1
LF:21
LH:13
BRDA:10,0,0,3
BRDA:16,1,0,3
BRDA:21,2,0,0
BRDA:21,3,0,0
BRDA:21,3,1,0
BRDA:22,4,0,0
BRDA:22,4,1,0
BRDA:23,5,0,0
BRF:8
BRH:2
end_of_record
TN:
SF:src/middleware/requireuser.ts
FN:3,(anonymous_0)
FNF:1
FNH:1
FNDA:4,(anonymous_0)
DA:3,1
DA:4,4
DA:5,4
DA:6,1
DA:9,3
DA:12,1
LF:6
LH:6
BRDA:5,0,0,1
BRF:1
BRH:1
end_of_record
TN:
SF:src/middleware/validateresource.ts
FN:4,(anonymous_0)
FN:4,(anonymous_1)
FNF:2
FNH:2
FNDA:5,(anonymous_0)
FNDA:5,(anonymous_1)
DA:4,5
DA:5,5
DA:6,5
DA:11,5
DA:14,0
DA:18,1
LF:6
LH:5
BRF:0
BRH:0
end_of_record
TN:
SF:src/models/product.model.ts
FN:19,(anonymous_1)
FNF:1
FNH:1
FNDA:3,(anonymous_1)
DA:1,1
DA:2,1
DA:14,1
DA:19,3
DA:45,1
DA:47,1
LF:6
LH:6
BRF:0
BRH:0
end_of_record
TN:
SF:src/models/session.model.ts
FNF:0
FNH:0
DA:1,1
DA:11,1
DA:25,1
DA:27,1
LF:4
LH:4
BRF:0
BRH:0
end_of_record
TN:
SF:src/models/user.model.ts
FN:47,(anonymous_8)
FN:62,(anonymous_10)
FN:68,(anonymous_12)
FNF:3
FNH:0
FNDA:0,(anonymous_8)
FNDA:0,(anonymous_10)
FNDA:0,(anonymous_12)
DA:1,1
DA:2,1
DA:3,1
DA:17,1
DA:47,1
DA:48,0
DA:50,0
DA:51,0
DA:54,0
DA:55,0
DA:57,0
DA:59,0
DA:62,1
DA:65,0
DA:67,0
DA:69,0
DA:73,1
DA:75,1
LF:18
LH:8
BRDA:50,0,0,0
BRF:1
BRH:0
end_of_record
TN:
SF:src/schema/product.schema.ts
FNF:0
FNH:0
DA:1,1
DA:3,1
DA:22,1
DA:30,1
DA:34,1
DA:38,1
LF:6
LH:6
BRF:0
BRH:0
end_of_record
TN:
SF:src/schema/session.schema.ts
FNF:0
FNH:0
DA:1,1
DA:3,1
LF:2
LH:2
BRF:0
BRH:0
end_of_record
TN:
SF:src/schema/user.schema.ts
FNF:0
FNH:0
DA:1,1
DA:3,1
LF:2
LH:2
BRF:0
BRH:0
end_of_record
TN:
SF:src/service/product.service.ts
FN:4,createProduct
FN:13,findProduct
FN:17,updateProduct
FNF:3
FNH:3
FNDA:3,createProduct
FNDA:3,findProduct
FNDA:1,updateProduct
DA:2,1
DA:4,1
DA:5,3
DA:6,3
DA:9,0
DA:13,1
DA:14,3
DA:17,1
DA:20,1
DA:21,1
DA:24,0
LF:11
LH:9
BRF:0
BRH:0
end_of_record
TN:
SF:src/service/user.service.ts
FN:5,createUser
FN:20,validatePassword
FN:36,findUser
FNF:3
FNH:0
FNDA:0,createUser
FNDA:0,validatePassword
FNDA:0,findUser
DA:1,1
DA:3,1
DA:5,1
DA:10,0
DA:11,0
DA:13,0
DA:16,0
DA:20,1
DA:21,0
DA:23,0
DA:24,0
DA:27,0
DA:29,0
DA:30,0
DA:33,0
DA:36,1
DA:37,0
LF:17
LH:5
BRDA:23,0,0,0
BRDA:29,1,0,0
BRF:2
BRH:0
end_of_record
TN:
SF:src/service/usersession.service.ts
FN:8,createUserSession
FN:14,findUserSessions
FN:18,updateUserSession
FN:22,reIssueAccessToken
FNF:4
FNH:0
FNDA:0,createUserSession
FNDA:0,findUserSessions
FNDA:0,updateUserSession
FNDA:0,reIssueAccessToken
DA:1,1
DA:2,1
DA:4,1
DA:5,1
DA:6,1
DA:8,1
DA:9,0
DA:11,0
DA:14,1
DA:15,0
DA:18,1
DA:19,0
DA:22,1
DA:23,0
DA:25,0
DA:26,0
DA:29,0
DA:30,0
DA:32,0
DA:33,0
DA:34,0
DA:37,0
DA:42,0
LF:23
LH:9
BRDA:25,0,0,0
BRDA:25,1,0,0
BRDA:25,1,1,0
BRDA:30,2,0,0
BRDA:30,3,0,0
BRDA:30,3,1,0
BRDA:33,4,0,0
BRF:7
BRH:0
end_of_record
TN:
SF:src/utils/jwt.utils.ts
FN:7,signJWT
FN:14,verifyJWT
FNF:2
FNH:2
FNDA:2,signJWT
FNDA:3,verifyJWT
DA:1,1
DA:2,1
DA:4,1
DA:5,1
DA:7,1
DA:8,2
DA:14,1
DA:15,3
DA:16,3
DA:17,3
DA:24,0
LF:11
LH:10
BRDA:9,0,0,2
BRDA:9,0,1,0
BRF:2
BRH:1
end_of_record
TN:
SF:src/utils/logger.ts
FN:14,(anonymous_1)
FNF:1
FNH:1
FNDA:1,(anonymous_1)
DA:1,1
DA:2,1
DA:4,1
DA:14,1
DA:17,1
LF:5
LH:5
BRF:0
BRH:0
end_of_record
TN:
SF:src/utils/server.ts
FN:8,createServer
FNF:1
FNH:1
FNDA:1,createServer
DA:1,1
DA:2,1
DA:3,1
DA:5,1
DA:6,1
DA:9,1
DA:10,1
DA:15,1
DA:17,1
DA:19,1
DA:21,1
DA:23,1
DA:29,1
DA:31,1
DA:34,1
LF:15
LH:15
BRF:0
BRH:0
end_of_record
